INFO  time: initialize in 0.49s
WARN  no build tool detected in workspace '/Users/thiagocarreira/Projects/example/project'. The most common cause for this problem is that the editor was opened in the wrong working directory, for example if you use sbt then the workspace directory should contain build.sbt. 
WARN  no build target: /Users/thiagocarreira/Projects/example/project/plugins.sbt
WARN  no build target: /Users/thiagocarreira/Projects/example/project/Dependencies.scala
WARN  no build target: /Users/thiagocarreira/Projects/example/project/Dependencies.scala
WARN  no build target: /Users/thiagocarreira/Projects/example/project/Dependencies.scala
WARN  no build target: 
INFO  no build target: using presentation compiler with only scala-library
WARN  no build target: /Users/thiagocarreira/Projects/example/project/Dependencies.scala
WARN  no build target: /Users/thiagocarreira/Projects/example/project/Dependencies.scala
WARN  no build target: /Users/thiagocarreira/Projects/example/project/Dependencies.scala
WARN  no build target: 
WARN  no build target: /Users/thiagocarreira/Projects/example/project/plugins.sbt
WARN  no build target: 
WARN  no build target: /Users/thiagocarreira/Projects/example/project/Dependencies.scala
WARN  no build target: 
WARN  no build target: /Users/thiagocarreira/Projects/example/project/plugins.sbt
WARN  no build target: /Users/thiagocarreira/Projects/example/project/plugins.sbt
WARN  no build target: 
WARN  no build target: /Users/thiagocarreira/Projects/example/project/plugins.sbt
WARN  no build target: 
WARN  no build target: /Users/thiagocarreira/Projects/example/project/plugins.sbt
WARN  no build target: 
WARN  no build target: /Users/thiagocarreira/Projects/example/project/plugins.sbt
WARN  no build target: 
WARN  no build target: /Users/thiagocarreira/Projects/example/project/plugins.sbt
WARN  no build target: 
WARN  no build target: /Users/thiagocarreira/Projects/example/project/plugins.sbt
WARN  no build target: 
WARN  no build target: /Users/thiagocarreira/Projects/example/project/plugins.sbt
WARN  no build target: 
WARN  no build target: /Users/thiagocarreira/Projects/example/project/plugins.sbt
WARN  no build target: 
WARN  no build target: /Users/thiagocarreira/Projects/example/project/plugins.sbt
WARN  no build target: /Users/thiagocarreira/Projects/example/project/plugins.sbt
WARN  no build target: 
WARN  no build target: /Users/thiagocarreira/Projects/example/project/plugins.sbt
WARN  no build target: 
WARN  no build target: /Users/thiagocarreira/Projects/example/project/plugins.sbt
WARN  no build target: 
WARN  no build target: /Users/thiagocarreira/Projects/example/project/plugins.sbt
WARN  no build target: 
WARN  no build target: /Users/thiagocarreira/Projects/example/project/plugins.sbt
WARN  no build target: 
WARN  no build target: /Users/thiagocarreira/Projects/example/project/plugins.sbt
WARN  no build target: /Users/thiagocarreira/Projects/example/project/plugins.sbt
WARN  no build target: 
WARN  no build target: /Users/thiagocarreira/Projects/example/project/plugins.sbt
WARN  no build target: 
WARN  no build target: /Users/thiagocarreira/Projects/example/project/plugins.sbt
WARN  no build target: 
WARN  no build target: /Users/thiagocarreira/Projects/example/project/plugins.sbt
WARN  no build target: 
WARN  no build target: /Users/thiagocarreira/Projects/example/project/plugins.sbt
WARN  no build target: 
WARN  no build tool detected in workspace '/Users/thiagocarreira/Projects/example/project'. The most common cause for this problem is that the editor was opened in the wrong working directory, for example if you use sbt then the workspace directory should contain build.sbt. 
WARN  no build tool detected in workspace '/Users/thiagocarreira/Projects/example/project'. The most common cause for this problem is that the editor was opened in the wrong working directory, for example if you use sbt then the workspace directory should contain build.sbt. 
WARN  no build target: /Users/thiagocarreira/Projects/example/project/Dependencies.scala
WARN  no build target: 
WARN  no build target: /Users/thiagocarreira/Projects/example/project/Dependencies.scala
WARN  no build target: /Users/thiagocarreira/Projects/example/project/Dependencies.scala
WARN  no build target: 
WARN  no build target: /Users/thiagocarreira/Projects/example/project/Dependencies.scala
WARN  no build target: 
WARN  no build target: /Users/thiagocarreira/Projects/example/project/Dependencies.scala
WARN  no build target: 
WARN  no build target: /Users/thiagocarreira/Projects/example/project/Dependencies.scala
WARN  no build target: 
WARN  no build target: /Users/thiagocarreira/Projects/example/project/Dependencies.scala
WARN  no build target: 
WARN  no build target: /Users/thiagocarreira/Projects/example/project/Dependencies.scala
WARN  no build target: 
WARN  no build tool detected in workspace '/Users/thiagocarreira/Projects/example/project'. The most common cause for this problem is that the editor was opened in the wrong working directory, for example if you use sbt then the workspace directory should contain build.sbt. 
WARN  no build tool detected in workspace '/Users/thiagocarreira/Projects/example/project'. The most common cause for this problem is that the editor was opened in the wrong working directory, for example if you use sbt then the workspace directory should contain build.sbt. 
WARN  no build target: /Users/thiagocarreira/Projects/example/project/Dependencies.scala
WARN  no build target: /Users/thiagocarreira/Projects/example/project/Dependencies.scala
WARN  no build target: 
WARN  no build target: /Users/thiagocarreira/Projects/example/project/Dependencies.scala
WARN  no build target: 
WARN  no build tool detected in workspace '/Users/thiagocarreira/Projects/example/project'. The most common cause for this problem is that the editor was opened in the wrong working directory, for example if you use sbt then the workspace directory should contain build.sbt. 
WARN  no build target: /Users/thiagocarreira/Projects/example/project/plugins.sbt
WARN  no build target: 
WARN  no build target: /Users/thiagocarreira/Projects/example/project/Dependencies.scala
WARN  no build target: /Users/thiagocarreira/Projects/example/project/Dependencies.scala
WARN  no build target: 
WARN  no build target: /Users/thiagocarreira/Projects/example/project/Dependencies.scala
WARN  no build target: 
WARN  no build target: /Users/thiagocarreira/Projects/example/project/Dependencies.scala
WARN  no build target: 
WARN  no build tool detected in workspace '/Users/thiagocarreira/Projects/example/project'. The most common cause for this problem is that the editor was opened in the wrong working directory, for example if you use sbt then the workspace directory should contain build.sbt. 
WARN  no build tool detected in workspace '/Users/thiagocarreira/Projects/example/project'. The most common cause for this problem is that the editor was opened in the wrong working directory, for example if you use sbt then the workspace directory should contain build.sbt. 
WARN  no build tool detected in workspace '/Users/thiagocarreira/Projects/example/project'. The most common cause for this problem is that the editor was opened in the wrong working directory, for example if you use sbt then the workspace directory should contain build.sbt. 
WARN  no build target: /Users/thiagocarreira/Projects/example/project/Dependencies.scala
WARN  no build target: /Users/thiagocarreira/Projects/example/project/Dependencies.scala
WARN  no build target: 
WARN  no build target: /Users/thiagocarreira/Projects/example/project/Dependencies.scala
WARN  no build target: 
WARN  no build target: /Users/thiagocarreira/Projects/example/project/Dependencies.scala
WARN  no build target: 
WARN  no build target: /Users/thiagocarreira/Projects/example/project/Dependencies.scala
WARN  no build target: 
WARN  no build target: /Users/thiagocarreira/Projects/example/project/Dependencies.scala
WARN  no build target: 
WARN  no build target: /Users/thiagocarreira/Projects/example/project/Dependencies.scala
WARN  no build target: 
WARN  no build target: /Users/thiagocarreira/Projects/example/project/Dependencies.scala
WARN  no build target: 
WARN  no build target: /Users/thiagocarreira/Projects/example/project/Dependencies.scala
WARN  no build target: 
WARN  no build target: /Users/thiagocarreira/Projects/example/project/Dependencies.scala
WARN  no build target: 
WARN  no build target: /Users/thiagocarreira/Projects/example/project/plugins.sbt
WARN  no build target: /Users/thiagocarreira/Projects/example/project/plugins.sbt
WARN  no build target: 
WARN  no build target: /Users/thiagocarreira/Projects/example/project/plugins.sbt
WARN  no build target: 
WARN  no build target: /Users/thiagocarreira/Projects/example/project/plugins.sbt
WARN  no build target: 
WARN  no build target: /Users/thiagocarreira/Projects/example/project/plugins.sbt
WARN  no build target: /Users/thiagocarreira/Projects/example/project/plugins.sbt
WARN  no build target: 
WARN  no build target: /Users/thiagocarreira/Projects/example/project/plugins.sbt
WARN  no build target: 
WARN  no build target: /Users/thiagocarreira/Projects/example/project/plugins.sbt
WARN  no build target: 
WARN  no build tool detected in workspace '/Users/thiagocarreira/Projects/example/project'. The most common cause for this problem is that the editor was opened in the wrong working directory, for example if you use sbt then the workspace directory should contain build.sbt. 
WARN  no build tool detected in workspace '/Users/thiagocarreira/Projects/example/project'. The most common cause for this problem is that the editor was opened in the wrong working directory, for example if you use sbt then the workspace directory should contain build.sbt. 
WARN  no build tool detected in workspace '/Users/thiagocarreira/Projects/example/project'. The most common cause for this problem is that the editor was opened in the wrong working directory, for example if you use sbt then the workspace directory should contain build.sbt. 
INFO  shutting down Metals
